# JRE version: OpenJDK Runtime Environment (8.0_181-b13) (build 1.8.0_181-b13)
# Java VM: OpenJDK 64-Bit Server VM (25.181-b13 mixed mode linux-amd64 compressed oops)
Heap:
 PSYoungGen      total 125952K, used 4085K [0x00000000ec400000, 0x00000000f4300000, 0x0000000100000000)
  eden space 121856K, 0% used [0x00000000ec400000,0x00000000ec400000,0x00000000f3b00000)
  from space 4096K, 99% used [0x00000000f3b00000,0x00000000f3efd518,0x00000000f3f00000)
  to   space 4096K, 0% used [0x00000000f3f00000,0x00000000f3f00000,0x00000000f4300000)
 ParOldGen       total 40960K, used 3437K [0x00000000c4c00000, 0x00000000c7400000, 0x00000000ec400000)
  object space 40960K, 8% used [0x00000000c4c00000,0x00000000c4f5b540,0x00000000c7400000)
 Metaspace       used 20898K, capacity 21054K, committed 21248K, reserved 1069056K
  class space    used 2176K, capacity 2217K, committed 2304K, reserved 1048576K
GC Heap History (17 events):
Event: 0.412 GC heap before
{Heap before GC invocations=1 (full 0):
 PSYoungGen      total 17920K, used 15360K [0x00000000ec400000, 0x00000000ed800000, 0x0000000100000000)
  eden space 15360K, 100% used [0x00000000ec400000,0x00000000ed300000,0x00000000ed300000)
  from space 2560K, 0% used [0x00000000ed580000,0x00000000ed580000,0x00000000ed800000)
  to   space 2560K, 0% used [0x00000000ed300000,0x00000000ed300000,0x00000000ed580000)
 ParOldGen       total 40960K, used 0K [0x00000000c4c00000, 0x00000000c7400000, 0x00000000ec400000)
  object space 40960K, 0% used [0x00000000c4c00000,0x00000000c4c00000,0x00000000c7400000)
 Metaspace       used 4961K, capacity 5472K, committed 5760K, reserved 1056768K
  class space    used 508K, capacity 528K, committed 640K, reserved 1048576K
Event: 0.415 GC heap after
Heap after GC invocations=1 (full 0):
 PSYoungGen      total 17920K, used 1749K [0x00000000ec400000, 0x00000000ed800000, 0x0000000100000000)
  eden space 15360K, 0% used [0x00000000ec400000,0x00000000ec400000,0x00000000ed300000)
  from space 2560K, 68% used [0x00000000ed300000,0x00000000ed4b5788,0x00000000ed580000)
  to   space 2560K, 0% used [0x00000000ed580000,0x00000000ed580000,0x00000000ed800000)
 ParOldGen       total 40960K, used 8K [0x00000000c4c00000, 0x00000000c7400000, 0x00000000ec400000)
  object space 40960K, 0% used [0x00000000c4c00000,0x00000000c4c02000,0x00000000c7400000)
 Metaspace       used 4961K, capacity 5472K, committed 5760K, reserved 1056768K
  class space    used 508K, capacity 528K, committed 640K, reserved 1048576K
}
Event: 0.689 GC heap before
{Heap before GC invocations=2 (full 0):
 PSYoungGen      total 17920K, used 17109K [0x00000000ec400000, 0x00000000ed800000, 0x0000000100000000)
  eden space 15360K, 100% used [0x00000000ec400000,0x00000000ed300000,0x00000000ed300000)
  from space 2560K, 68% used [0x00000000ed300000,0x00000000ed4b5788,0x00000000ed580000)
  to   space 2560K, 0% used [0x00000000ed580000,0x00000000ed580000,0x00000000ed800000)
 ParOldGen       total 40960K, used 8K [0x00000000c4c00000, 0x00000000c7400000, 0x00000000ec400000)
  object space 40960K, 0% used [0x00000000c4c00000,0x00000000c4c02000,0x00000000c7400000)
 Metaspace       used 7157K, capacity 7246K, committed 7424K, reserved 1056768K
  class space    used 727K, capacity 753K, committed 768K, reserved 1048576K
Event: 0.694 GC heap after
Heap after GC invocations=2 (full 0):
 PSYoungGen      total 17920K, used 1843K [0x00000000ec400000, 0x00000000ee700000, 0x0000000100000000)
  eden space 15360K, 0% used [0x00000000ec400000,0x00000000ec400000,0x00000000ed300000)
  from space 2560K, 72% used [0x00000000ed580000,0x00000000ed74cd70,0x00000000ed800000)
  to   space 2560K, 0% used [0x00000000ed300000,0x00000000ed300000,0x00000000ed580000)
 ParOldGen       total 40960K, used 8K [0x00000000c4c00000, 0x00000000c7400000, 0x00000000ec400000)
  object space 40960K, 0% used [0x00000000c4c00000,0x00000000c4c02000,0x00000000c7400000)
 Metaspace       used 7157K, capacity 7246K, committed 7424K, reserved 1056768K
  class space    used 727K, capacity 753K, committed 768K, reserved 1048576K
}
Event: 0.840 GC heap before
{Heap before GC invocations=3 (full 0):
 PSYoungGen      total 17920K, used 17203K [0x00000000ec400000, 0x00000000ee700000, 0x0000000100000000)
  eden space 15360K, 100% used [0x00000000ec400000,0x00000000ed300000,0x00000000ed300000)
  from space 2560K, 72% used [0x00000000ed580000,0x00000000ed74cd70,0x00000000ed800000)
  to   space 2560K, 0% used [0x00000000ed300000,0x00000000ed300000,0x00000000ed580000)
 ParOldGen       total 40960K, used 8K [0x00000000c4c00000, 0x00000000c7400000, 0x00000000ec400000)
  object space 40960K, 0% used [0x00000000c4c00000,0x00000000c4c02000,0x00000000c7400000)
 Metaspace       used 8013K, capacity 8110K, committed 8320K, reserved 1056768K
  class space    used 820K, capacity 849K, committed 896K, reserved 1048576K
Event: 0.844 GC heap after
Heap after GC invocations=3 (full 0):
 PSYoungGen      total 17920K, used 1969K [0x00000000ec400000, 0x00000000ee700000, 0x0000000100000000)
  eden space 15360K, 0% used [0x00000000ec400000,0x00000000ec400000,0x00000000ed300000)
  from space 2560K, 76% used [0x00000000ed300000,0x00000000ed4ec628,0x00000000ed580000)
  to   space 2560K, 0% used [0x00000000ee480000,0x00000000ee480000,0x00000000ee700000)
 ParOldGen       total 40960K, used 8K [0x00000000c4c00000, 0x00000000c7400000, 0x00000000ec400000)
  object space 40960K, 0% used [0x00000000c4c00000,0x00000000c4c02000,0x00000000c7400000)
 Metaspace       used 8013K, capacity 8110K, committed 8320K, reserved 1056768K
  class space    used 820K, capacity 849K, committed 896K, reserved 1048576K
}
Event: 0.975 GC heap before
{Heap before GC invocations=4 (full 0):
 PSYoungGen      total 17920K, used 17329K [0x00000000ec400000, 0x00000000ee700000, 0x0000000100000000)
  eden space 15360K, 100% used [0x00000000ec400000,0x00000000ed300000,0x00000000ed300000)
  from space 2560K, 76% used [0x00000000ed300000,0x00000000ed4ec628,0x00000000ed580000)
  to   space 2560K, 0% used [0x00000000ee480000,0x00000000ee480000,0x00000000ee700000)
 ParOldGen       total 40960K, used 8K [0x00000000c4c00000, 0x00000000c7400000, 0x00000000ec400000)
  object space 40960K, 0% used [0x00000000c4c00000,0x00000000c4c02000,0x00000000c7400000)
 Metaspace       used 8677K, capacity 8814K, committed 8960K, reserved 1056768K
  class space    used 894K, capacity 913K, committed 1024K, reserved 1048576K
Event: 0.980 GC heap after
Heap after GC invocations=4 (full 0):
 PSYoungGen      total 33280K, used 2128K [0x00000000ec400000, 0x00000000ee700000, 0x0000000100000000)
  eden space 30720K, 0% used [0x00000000ec400000,0x00000000ec400000,0x00000000ee200000)
  from space 2560K, 83% used [0x00000000ee480000,0x00000000ee694158,0x00000000ee700000)
  to   space 2560K, 0% used [0x00000000ee200000,0x00000000ee200000,0x00000000ee480000)
 ParOldGen       total 40960K, used 8K [0x00000000c4c00000, 0x00000000c7400000, 0x00000000ec400000)
  object space 40960K, 0% used [0x00000000c4c00000,0x00000000c4c02000,0x00000000c7400000)
 Metaspace       used 8677K, capacity 8814K, committed 8960K, reserved 1056768K
  class space    used 894K, capacity 913K, committed 1024K, reserved 1048576K
}
Event: 1.220 GC heap before
{Heap before GC invocations=5 (full 0):
 PSYoungGen      total 33280K, used 32848K [0x00000000ec400000, 0x00000000ee700000, 0x0000000100000000)
  eden space 30720K, 100% used [0x00000000ec400000,0x00000000ee200000,0x00000000ee200000)
  from space 2560K, 83% used [0x00000000ee480000,0x00000000ee694158,0x00000000ee700000)
  to   space 2560K, 0% used [0x00000000ee200000,0x00000000ee200000,0x00000000ee480000)
 ParOldGen       total 40960K, used 8K [0x00000000c4c00000, 0x00000000c7400000, 0x00000000ec400000)
  object space 40960K, 0% used [0x00000000c4c00000,0x00000000c4c02000,0x00000000c7400000)
 Metaspace       used 9857K, capacity 9940K, committed 10112K, reserved 1058816K
  class space    used 1027K, capacity 1074K, committed 1152K, reserved 1048576K
Event: 1.229 GC heap after
Heap after GC invocations=5 (full 0):
 PSYoungGen      total 33280K, used 2541K [0x00000000ec400000, 0x00000000f0600000, 0x0000000100000000)
  eden space 30720K, 0% used [0x00000000ec400000,0x00000000ec400000,0x00000000ee200000)
  from space 2560K, 99% used [0x00000000ee200000,0x00000000ee47b540,0x00000000ee480000)
  to   space 3072K, 0% used [0x00000000f0300000,0x00000000f0300000,0x00000000f0600000)
 ParOldGen       total 40960K, used 355K [0x00000000c4c00000, 0x00000000c7400000, 0x00000000ec400000)
  object space 40960K, 0% used [0x00000000c4c00000,0x00000000c4c58cc8,0x00000000c7400000)
 Metaspace       used 9857K, capacity 9940K, committed 10112K, reserved 1058816K
  class space    used 1027K, capacity 1074K, committed 1152K, reserved 1048576K
}
Event: 1.438 GC heap before
{Heap before GC invocations=6 (full 0):
 PSYoungGen      total 33280K, used 33261K [0x00000000ec400000, 0x00000000f0600000, 0x0000000100000000)
  eden space 30720K, 100% used [0x00000000ec400000,0x00000000ee200000,0x00000000ee200000)
  from space 2560K, 99% used [0x00000000ee200000,0x00000000ee47b540,0x00000000ee480000)
  to   space 3072K, 0% used [0x00000000f0300000,0x00000000f0300000,0x00000000f0600000)
 ParOldGen       total 40960K, used 355K [0x00000000c4c00000, 0x00000000c7400000, 0x00000000ec400000)
  object space 40960K, 0% used [0x00000000c4c00000,0x00000000c4c58cc8,0x00000000c7400000)
 Metaspace       used 11380K, capacity 11462K, committed 11776K, reserved 1060864K
  class space    used 1202K, capacity 1237K, committed 1280K, reserved 1048576K
Event: 1.446 GC heap after
Heap after GC invocations=6 (full 0):
 PSYoungGen      total 64000K, used 3058K [0x00000000ec400000, 0x00000000f0700000, 0x0000000100000000)
  eden space 60928K, 0% used [0x00000000ec400000,0x00000000ec400000,0x00000000eff80000)
  from space 3072K, 99% used [0x00000000f0300000,0x00000000f05fc968,0x00000000f0600000)
  to   space 3584K, 0% used [0x00000000eff80000,0x00000000eff80000,0x00000000f0300000)
 ParOldGen       total 40960K, used 453K [0x00000000c4c00000, 0x00000000c7400000, 0x00000000ec400000)
  object space 40960K, 1% used [0x00000000c4c00000,0x00000000c4c71640,0x00000000c7400000)
 Metaspace       used 11380K, capacity 11462K, committed 11776K, reserved 1060864K
  class space    used 1202K, capacity 1237K, committed 1280K, reserved 1048576K
}
Event: 1.907 GC heap before
{Heap before GC invocations=7 (full 0):
 PSYoungGen      total 64000K, used 63986K [0x00000000ec400000, 0x00000000f0700000, 0x0000000100000000)
  eden space 60928K, 100% used [0x00000000ec400000,0x00000000eff80000,0x00000000eff80000)
  from space 3072K, 99% used [0x00000000f0300000,0x00000000f05fc968,0x00000000f0600000)
  to   space 3584K, 0% used [0x00000000eff80000,0x00000000eff80000,0x00000000f0300000)
 ParOldGen       total 40960K, used 453K [0x00000000c4c00000, 0x00000000c7400000, 0x00000000ec400000)
  object space 40960K, 1% used [0x00000000c4c00000,0x00000000c4c71640,0x00000000c7400000)
 Metaspace       used 14015K, capacity 14054K, committed 14336K, reserved 1062912K
  class space    used 1517K, capacity 1525K, committed 1536K, reserved 1048576K
Event: 1.918 GC heap after
Heap after GC invocations=7 (full 0):
 PSYoungGen      total 64512K, used 3375K [0x00000000ec400000, 0x00000000f4300000, 0x0000000100000000)
  eden space 60928K, 0% used [0x00000000ec400000,0x00000000ec400000,0x00000000eff80000)
  from space 3584K, 94% used [0x00000000eff80000,0x00000000f02cbd38,0x00000000f0300000)
  to   space 4096K, 0% used [0x00000000f3f00000,0x00000000f3f00000,0x00000000f4300000)
 ParOldGen       total 40960K, used 1667K [0x00000000c4c00000, 0x00000000c7400000, 0x00000000ec400000)
  object space 40960K, 4% used [0x00000000c4c00000,0x00000000c4da0f78,0x00000000c7400000)
 Metaspace       used 14015K, capacity 14054K, committed 14336K, reserved 1062912K
  class space    used 1517K, capacity 1525K, committed 1536K, reserved 1048576K
}
Event: 2.646 GC heap before
{Heap before GC invocations=8 (full 0):
 PSYoungGen      total 64512K, used 64303K [0x00000000ec400000, 0x00000000f4300000, 0x0000000100000000)
  eden space 60928K, 100% used [0x00000000ec400000,0x00000000eff80000,0x00000000eff80000)
  from space 3584K, 94% used [0x00000000eff80000,0x00000000f02cbd38,0x00000000f0300000)
  to   space 4096K, 0% used [0x00000000f3f00000,0x00000000f3f00000,0x00000000f4300000)
 ParOldGen       total 40960K, used 1667K [0x00000000c4c00000, 0x00000000c7400000, 0x00000000ec400000)
  object space 40960K, 4% used [0x00000000c4c00000,0x00000000c4da0f78,0x00000000c7400000)
 Metaspace       used 16357K, capacity 16486K, committed 16640K, reserved 1064960K
  class space    used 1735K, capacity 1781K, committed 1792K, reserved 1048576K
Event: 2.663 GC heap after
Heap after GC invocations=8 (full 0):
 PSYoungGen      total 125952K, used 3591K [0x00000000ec400000, 0x00000000f4300000, 0x0000000100000000)
  eden space 121856K, 0% used [0x00000000ec400000,0x00000000ec400000,0x00000000f3b00000)
  from space 4096K, 87% used [0x00000000f3f00000,0x00000000f4281d20,0x00000000f4300000)
  to   space 4096K, 0% used [0x00000000f3b00000,0x00000000f3b00000,0x00000000f3f00000)
 ParOldGen       total 40960K, used 1971K [0x00000000c4c00000, 0x00000000c7400000, 0x00000000ec400000)
  object space 40960K, 4% used [0x00000000c4c00000,0x00000000c4decf78,0x00000000c7400000)
 Metaspace       used 16357K, capacity 16486K, committed 16640K, reserved 1064960K
  class space    used 1735K, capacity 1781K, committed 1792K, reserved 1048576K
}
Event: 19.093 GC heap before
{Heap before GC invocations=9 (full 0):
 PSYoungGen      total 125952K, used 77785K [0x00000000ec400000, 0x00000000f4300000, 0x0000000100000000)
  eden space 121856K, 60% used [0x00000000ec400000,0x00000000f0c749a8,0x00000000f3b00000)
  from space 4096K, 87% used [0x00000000f3f00000,0x00000000f4281d20,0x00000000f4300000)
  to   space 4096K, 0% used [0x00000000f3b00000,0x00000000f3b00000,0x00000000f3f00000)
 ParOldGen       total 40960K, used 1971K [0x00000000c4c00000, 0x00000000c7400000, 0x00000000ec400000)
  object space 40960K, 4% used [0x00000000c4c00000,0x00000000c4decf78,0x00000000c7400000)
 Metaspace       used 20898K, capacity 21054K, committed 21248K, reserved 1069056K
  class space    used 2176K, capacity 2217K, committed 2304K, reserved 1048576K

