# JRE version: OpenJDK Runtime Environment (8.0_181-b13) (build 1.8.0_181-b13)
# Java VM: OpenJDK 64-Bit Server VM (25.181-b13 mixed mode linux-amd64 compressed oops)
Heap:
 PSYoungGen      total 125952K, used 4088K [0x00000000ec400000, 0x00000000f4300000, 0x0000000100000000)
  eden space 121856K, 0% used [0x00000000ec400000,0x00000000ec400000,0x00000000f3b00000)
  from space 4096K, 99% used [0x00000000f3b00000,0x00000000f3efe048,0x00000000f3f00000)
  to   space 4096K, 0% used [0x00000000f3f00000,0x00000000f3f00000,0x00000000f4300000)
 ParOldGen       total 40960K, used 3796K [0x00000000c4c00000, 0x00000000c7400000, 0x00000000ec400000)
  object space 40960K, 9% used [0x00000000c4c00000,0x00000000c4fb5060,0x00000000c7400000)
 Metaspace       used 21038K, capacity 21152K, committed 21248K, reserved 1069056K
  class space    used 2203K, capacity 2248K, committed 2304K, reserved 1048576K
GC Heap History (17 events):
Event: 0.420 GC heap before
{Heap before GC invocations=1 (full 0):
 PSYoungGen      total 17920K, used 15360K [0x00000000ec400000, 0x00000000ed800000, 0x0000000100000000)
  eden space 15360K, 100% used [0x00000000ec400000,0x00000000ed300000,0x00000000ed300000)
  from space 2560K, 0% used [0x00000000ed580000,0x00000000ed580000,0x00000000ed800000)
  to   space 2560K, 0% used [0x00000000ed300000,0x00000000ed300000,0x00000000ed580000)
 ParOldGen       total 40960K, used 0K [0x00000000c4c00000, 0x00000000c7400000, 0x00000000ec400000)
  object space 40960K, 0% used [0x00000000c4c00000,0x00000000c4c00000,0x00000000c7400000)
 Metaspace       used 4963K, capacity 5536K, committed 5760K, reserved 1056768K
  class space    used 509K, capacity 528K, committed 640K, reserved 1048576K
Event: 0.423 GC heap after
Heap after GC invocations=1 (full 0):
 PSYoungGen      total 17920K, used 1749K [0x00000000ec400000, 0x00000000ed800000, 0x0000000100000000)
  eden space 15360K, 0% used [0x00000000ec400000,0x00000000ec400000,0x00000000ed300000)
  from space 2560K, 68% used [0x00000000ed300000,0x00000000ed4b57a8,0x00000000ed580000)
  to   space 2560K, 0% used [0x00000000ed580000,0x00000000ed580000,0x00000000ed800000)
 ParOldGen       total 40960K, used 8K [0x00000000c4c00000, 0x00000000c7400000, 0x00000000ec400000)
  object space 40960K, 0% used [0x00000000c4c00000,0x00000000c4c02000,0x00000000c7400000)
 Metaspace       used 4963K, capacity 5536K, committed 5760K, reserved 1056768K
  class space    used 509K, capacity 528K, committed 640K, reserved 1048576K
}
Event: 0.729 GC heap before
{Heap before GC invocations=2 (full 0):
 PSYoungGen      total 17920K, used 17109K [0x00000000ec400000, 0x00000000ed800000, 0x0000000100000000)
  eden space 15360K, 100% used [0x00000000ec400000,0x00000000ed300000,0x00000000ed300000)
  from space 2560K, 68% used [0x00000000ed300000,0x00000000ed4b57a8,0x00000000ed580000)
  to   space 2560K, 0% used [0x00000000ed580000,0x00000000ed580000,0x00000000ed800000)
 ParOldGen       total 40960K, used 8K [0x00000000c4c00000, 0x00000000c7400000, 0x00000000ec400000)
  object space 40960K, 0% used [0x00000000c4c00000,0x00000000c4c02000,0x00000000c7400000)
 Metaspace       used 7191K, capacity 7318K, committed 7424K, reserved 1056768K
  class space    used 727K, capacity 753K, committed 768K, reserved 1048576K
Event: 0.734 GC heap after
Heap after GC invocations=2 (full 0):
 PSYoungGen      total 17920K, used 1824K [0x00000000ec400000, 0x00000000ee700000, 0x0000000100000000)
  eden space 15360K, 0% used [0x00000000ec400000,0x00000000ec400000,0x00000000ed300000)
  from space 2560K, 71% used [0x00000000ed580000,0x00000000ed748000,0x00000000ed800000)
  to   space 2560K, 0% used [0x00000000ed300000,0x00000000ed300000,0x00000000ed580000)
 ParOldGen       total 40960K, used 8K [0x00000000c4c00000, 0x00000000c7400000, 0x00000000ec400000)
  object space 40960K, 0% used [0x00000000c4c00000,0x00000000c4c02000,0x00000000c7400000)
 Metaspace       used 7191K, capacity 7318K, committed 7424K, reserved 1056768K
  class space    used 727K, capacity 753K, committed 768K, reserved 1048576K
}
Event: 0.901 GC heap before
{Heap before GC invocations=3 (full 0):
 PSYoungGen      total 17920K, used 17184K [0x00000000ec400000, 0x00000000ee700000, 0x0000000100000000)
  eden space 15360K, 100% used [0x00000000ec400000,0x00000000ed300000,0x00000000ed300000)
  from space 2560K, 71% used [0x00000000ed580000,0x00000000ed748000,0x00000000ed800000)
  to   space 2560K, 0% used [0x00000000ed300000,0x00000000ed300000,0x00000000ed580000)
 ParOldGen       total 40960K, used 8K [0x00000000c4c00000, 0x00000000c7400000, 0x00000000ec400000)
  object space 40960K, 0% used [0x00000000c4c00000,0x00000000c4c02000,0x00000000c7400000)
 Metaspace       used 8044K, capacity 8118K, committed 8320K, reserved 1056768K
  class space    used 820K, capacity 849K, committed 896K, reserved 1048576K
Event: 0.905 GC heap after
Heap after GC invocations=3 (full 0):
 PSYoungGen      total 17920K, used 1969K [0x00000000ec400000, 0x00000000ee700000, 0x0000000100000000)
  eden space 15360K, 0% used [0x00000000ec400000,0x00000000ec400000,0x00000000ed300000)
  from space 2560K, 76% used [0x00000000ed300000,0x00000000ed4ec608,0x00000000ed580000)
  to   space 2560K, 0% used [0x00000000ee480000,0x00000000ee480000,0x00000000ee700000)
 ParOldGen       total 40960K, used 8K [0x00000000c4c00000, 0x00000000c7400000, 0x00000000ec400000)
  object space 40960K, 0% used [0x00000000c4c00000,0x00000000c4c02000,0x00000000c7400000)
 Metaspace       used 8044K, capacity 8118K, committed 8320K, reserved 1056768K
  class space    used 820K, capacity 849K, committed 896K, reserved 1048576K
}
Event: 1.041 GC heap before
{Heap before GC invocations=4 (full 0):
 PSYoungGen      total 17920K, used 17329K [0x00000000ec400000, 0x00000000ee700000, 0x0000000100000000)
  eden space 15360K, 100% used [0x00000000ec400000,0x00000000ed300000,0x00000000ed300000)
  from space 2560K, 76% used [0x00000000ed300000,0x00000000ed4ec608,0x00000000ed580000)
  to   space 2560K, 0% used [0x00000000ee480000,0x00000000ee480000,0x00000000ee700000)
 ParOldGen       total 40960K, used 8K [0x00000000c4c00000, 0x00000000c7400000, 0x00000000ec400000)
  object space 40960K, 0% used [0x00000000c4c00000,0x00000000c4c02000,0x00000000c7400000)
 Metaspace       used 8696K, capacity 8822K, committed 8960K, reserved 1056768K
  class space    used 894K, capacity 913K, committed 1024K, reserved 1048576K
Event: 1.045 GC heap after
Heap after GC invocations=4 (full 0):
 PSYoungGen      total 33280K, used 2144K [0x00000000ec400000, 0x00000000ee700000, 0x0000000100000000)
  eden space 30720K, 0% used [0x00000000ec400000,0x00000000ec400000,0x00000000ee200000)
  from space 2560K, 83% used [0x00000000ee480000,0x00000000ee698128,0x00000000ee700000)
  to   space 2560K, 0% used [0x00000000ee200000,0x00000000ee200000,0x00000000ee480000)
 ParOldGen       total 40960K, used 8K [0x00000000c4c00000, 0x00000000c7400000, 0x00000000ec400000)
  object space 40960K, 0% used [0x00000000c4c00000,0x00000000c4c02000,0x00000000c7400000)
 Metaspace       used 8696K, capacity 8822K, committed 8960K, reserved 1056768K
  class space    used 894K, capacity 913K, committed 1024K, reserved 1048576K
}
Event: 1.290 GC heap before
{Heap before GC invocations=5 (full 0):
 PSYoungGen      total 33280K, used 32864K [0x00000000ec400000, 0x00000000ee700000, 0x0000000100000000)
  eden space 30720K, 100% used [0x00000000ec400000,0x00000000ee200000,0x00000000ee200000)
  from space 2560K, 83% used [0x00000000ee480000,0x00000000ee698128,0x00000000ee700000)
  to   space 2560K, 0% used [0x00000000ee200000,0x00000000ee200000,0x00000000ee480000)
 ParOldGen       total 40960K, used 8K [0x00000000c4c00000, 0x00000000c7400000, 0x00000000ec400000)
  object space 40960K, 0% used [0x00000000c4c00000,0x00000000c4c02000,0x00000000c7400000)
 Metaspace       used 9868K, capacity 9948K, committed 10112K, reserved 1058816K
  class space    used 1027K, capacity 1074K, committed 1152K, reserved 1048576K
Event: 1.295 GC heap after
Heap after GC invocations=5 (full 0):
 PSYoungGen      total 33280K, used 2533K [0x00000000ec400000, 0x00000000f0600000, 0x0000000100000000)
  eden space 30720K, 0% used [0x00000000ec400000,0x00000000ec400000,0x00000000ee200000)
  from space 2560K, 98% used [0x00000000ee200000,0x00000000ee479408,0x00000000ee480000)
  to   space 3072K, 0% used [0x00000000f0300000,0x00000000f0300000,0x00000000f0600000)
 ParOldGen       total 40960K, used 433K [0x00000000c4c00000, 0x00000000c7400000, 0x00000000ec400000)
  object space 40960K, 1% used [0x00000000c4c00000,0x00000000c4c6c6c8,0x00000000c7400000)
 Metaspace       used 9868K, capacity 9948K, committed 10112K, reserved 1058816K
  class space    used 1027K, capacity 1074K, committed 1152K, reserved 1048576K
}
Event: 1.511 GC heap before
{Heap before GC invocations=6 (full 0):
 PSYoungGen      total 33280K, used 33253K [0x00000000ec400000, 0x00000000f0600000, 0x0000000100000000)
  eden space 30720K, 100% used [0x00000000ec400000,0x00000000ee200000,0x00000000ee200000)
  from space 2560K, 98% used [0x00000000ee200000,0x00000000ee479408,0x00000000ee480000)
  to   space 3072K, 0% used [0x00000000f0300000,0x00000000f0300000,0x00000000f0600000)
 ParOldGen       total 40960K, used 433K [0x00000000c4c00000, 0x00000000c7400000, 0x00000000ec400000)
  object space 40960K, 1% used [0x00000000c4c00000,0x00000000c4c6c6c8,0x00000000c7400000)
 Metaspace       used 11380K, capacity 11470K, committed 11776K, reserved 1060864K
  class space    used 1202K, capacity 1237K, committed 1280K, reserved 1048576K
Event: 1.519 GC heap after
Heap after GC invocations=6 (full 0):
 PSYoungGen      total 64000K, used 3058K [0x00000000ec400000, 0x00000000f0700000, 0x0000000100000000)
  eden space 60928K, 0% used [0x00000000ec400000,0x00000000ec400000,0x00000000eff80000)
  from space 3072K, 99% used [0x00000000f0300000,0x00000000f05fc948,0x00000000f0600000)
  to   space 3584K, 0% used [0x00000000eff80000,0x00000000eff80000,0x00000000f0300000)
 ParOldGen       total 40960K, used 505K [0x00000000c4c00000, 0x00000000c7400000, 0x00000000ec400000)
  object space 40960K, 1% used [0x00000000c4c00000,0x00000000c4c7e6c0,0x00000000c7400000)
 Metaspace       used 11380K, capacity 11470K, committed 11776K, reserved 1060864K
  class space    used 1202K, capacity 1237K, committed 1280K, reserved 1048576K
}
Event: 1.988 GC heap before
{Heap before GC invocations=7 (full 0):
 PSYoungGen      total 64000K, used 63986K [0x00000000ec400000, 0x00000000f0700000, 0x0000000100000000)
  eden space 60928K, 100% used [0x00000000ec400000,0x00000000eff80000,0x00000000eff80000)
  from space 3072K, 99% used [0x00000000f0300000,0x00000000f05fc948,0x00000000f0600000)
  to   space 3584K, 0% used [0x00000000eff80000,0x00000000eff80000,0x00000000f0300000)
 ParOldGen       total 40960K, used 505K [0x00000000c4c00000, 0x00000000c7400000, 0x00000000ec400000)
  object space 40960K, 1% used [0x00000000c4c00000,0x00000000c4c7e6c0,0x00000000c7400000)
 Metaspace       used 14018K, capacity 14062K, committed 14336K, reserved 1062912K
  class space    used 1519K, capacity 1525K, committed 1536K, reserved 1048576K
Event: 2.005 GC heap after
Heap after GC invocations=7 (full 0):
 PSYoungGen      total 64512K, used 3340K [0x00000000ec400000, 0x00000000f4300000, 0x0000000100000000)
  eden space 60928K, 0% used [0x00000000ec400000,0x00000000ec400000,0x00000000eff80000)
  from space 3584K, 93% used [0x00000000eff80000,0x00000000f02c3120,0x00000000f0300000)
  to   space 4096K, 0% used [0x00000000f3f00000,0x00000000f3f00000,0x00000000f4300000)
 ParOldGen       total 40960K, used 1718K [0x00000000c4c00000, 0x00000000c7400000, 0x00000000ec400000)
  object space 40960K, 4% used [0x00000000c4c00000,0x00000000c4dad828,0x00000000c7400000)
 Metaspace       used 14018K, capacity 14062K, committed 14336K, reserved 1062912K
  class space    used 1519K, capacity 1525K, committed 1536K, reserved 1048576K
}
Event: 2.286 GC heap before
{Heap before GC invocations=8 (full 0):
 PSYoungGen      total 64512K, used 64268K [0x00000000ec400000, 0x00000000f4300000, 0x0000000100000000)
  eden space 60928K, 100% used [0x00000000ec400000,0x00000000eff80000,0x00000000eff80000)
  from space 3584K, 93% used [0x00000000eff80000,0x00000000f02c3120,0x00000000f0300000)
  to   space 4096K, 0% used [0x00000000f3f00000,0x00000000f3f00000,0x00000000f4300000)
 ParOldGen       total 40960K, used 1718K [0x00000000c4c00000, 0x00000000c7400000, 0x00000000ec400000)
  object space 40960K, 4% used [0x00000000c4c00000,0x00000000c4dad828,0x00000000c7400000)
 Metaspace       used 16525K, capacity 16622K, committed 16896K, reserved 1064960K
  class space    used 1751K, capacity 1781K, committed 1792K, reserved 1048576K
Event: 2.295 GC heap after
Heap after GC invocations=8 (full 0):
 PSYoungGen      total 125952K, used 3579K [0x00000000ec400000, 0x00000000f4300000, 0x0000000100000000)
  eden space 121856K, 0% used [0x00000000ec400000,0x00000000ec400000,0x00000000f3b00000)
  from space 4096K, 87% used [0x00000000f3f00000,0x00000000f427efe8,0x00000000f4300000)
  to   space 4096K, 0% used [0x00000000f3b00000,0x00000000f3b00000,0x00000000f3f00000)
 ParOldGen       total 40960K, used 2014K [0x00000000c4c00000, 0x00000000c7400000, 0x00000000ec400000)
  object space 40960K, 4% used [0x00000000c4c00000,0x00000000c4df7828,0x00000000c7400000)
 Metaspace       used 16525K, capacity 16622K, committed 16896K, reserved 1064960K
  class space    used 1751K, capacity 1781K, committed 1792K, reserved 1048576K
}
Event: 2.979 GC heap before
{Heap before GC invocations=9 (full 0):
 PSYoungGen      total 125952K, used 84260K [0x00000000ec400000, 0x00000000f4300000, 0x0000000100000000)
  eden space 121856K, 66% used [0x00000000ec400000,0x00000000f12ca240,0x00000000f3b00000)
  from space 4096K, 87% used [0x00000000f3f00000,0x00000000f427efe8,0x00000000f4300000)
  to   space 4096K, 0% used [0x00000000f3b00000,0x00000000f3b00000,0x00000000f3f00000)
 ParOldGen       total 40960K, used 2014K [0x00000000c4c00000, 0x00000000c7400000, 0x00000000ec400000)
  object space 40960K, 4% used [0x00000000c4c00000,0x00000000c4df7828,0x00000000c7400000)
 Metaspace       used 21038K, capacity 21152K, committed 21248K, reserved 1069056K
  class space    used 2203K, capacity 2248K, committed 2304K, reserved 1048576K

