# JRE version: OpenJDK Runtime Environment (8.0_181-b13) (build 1.8.0_181-b13)
# Java VM: OpenJDK 64-Bit Server VM (25.181-b13 mixed mode linux-amd64 compressed oops)
Heap:
 PSYoungGen      total 126464K, used 5197K [0x00000000ec400000, 0x00000000f4700000, 0x0000000100000000)
  eden space 120320K, 0% used [0x00000000ec400000,0x00000000ec400000,0x00000000f3980000)
  from space 6144K, 84% used [0x00000000f3980000,0x00000000f3e93638,0x00000000f3f80000)
  to   space 4608K, 0% used [0x00000000f3f80000,0x00000000f3f80000,0x00000000f4400000)
 ParOldGen       total 40960K, used 3983K [0x00000000c4c00000, 0x00000000c7400000, 0x00000000ec400000)
  object space 40960K, 9% used [0x00000000c4c00000,0x00000000c4fe3e20,0x00000000c7400000)
 Metaspace       used 20989K, capacity 21096K, committed 21248K, reserved 1069056K
  class space    used 2204K, capacity 2240K, committed 2304K, reserved 1048576K
GC Heap History (17 events):
Event: 0.393 GC heap before
{Heap before GC invocations=1 (full 0):
 PSYoungGen      total 17920K, used 15360K [0x00000000ec400000, 0x00000000ed800000, 0x0000000100000000)
  eden space 15360K, 100% used [0x00000000ec400000,0x00000000ed300000,0x00000000ed300000)
  from space 2560K, 0% used [0x00000000ed580000,0x00000000ed580000,0x00000000ed800000)
  to   space 2560K, 0% used [0x00000000ed300000,0x00000000ed300000,0x00000000ed580000)
 ParOldGen       total 40960K, used 0K [0x00000000c4c00000, 0x00000000c7400000, 0x00000000ec400000)
  object space 40960K, 0% used [0x00000000c4c00000,0x00000000c4c00000,0x00000000c7400000)
 Metaspace       used 4941K, capacity 5472K, committed 5760K, reserved 1056768K
  class space    used 508K, capacity 528K, committed 640K, reserved 1048576K
Event: 0.396 GC heap after
Heap after GC invocations=1 (full 0):
 PSYoungGen      total 17920K, used 1749K [0x00000000ec400000, 0x00000000ed800000, 0x0000000100000000)
  eden space 15360K, 0% used [0x00000000ec400000,0x00000000ec400000,0x00000000ed300000)
  from space 2560K, 68% used [0x00000000ed300000,0x00000000ed4b5788,0x00000000ed580000)
  to   space 2560K, 0% used [0x00000000ed580000,0x00000000ed580000,0x00000000ed800000)
 ParOldGen       total 40960K, used 8K [0x00000000c4c00000, 0x00000000c7400000, 0x00000000ec400000)
  object space 40960K, 0% used [0x00000000c4c00000,0x00000000c4c02000,0x00000000c7400000)
 Metaspace       used 4941K, capacity 5472K, committed 5760K, reserved 1056768K
  class space    used 508K, capacity 528K, committed 640K, reserved 1048576K
}
Event: 0.672 GC heap before
{Heap before GC invocations=2 (full 0):
 PSYoungGen      total 17920K, used 17109K [0x00000000ec400000, 0x00000000ed800000, 0x0000000100000000)
  eden space 15360K, 100% used [0x00000000ec400000,0x00000000ed300000,0x00000000ed300000)
  from space 2560K, 68% used [0x00000000ed300000,0x00000000ed4b5788,0x00000000ed580000)
  to   space 2560K, 0% used [0x00000000ed580000,0x00000000ed580000,0x00000000ed800000)
 ParOldGen       total 40960K, used 8K [0x00000000c4c00000, 0x00000000c7400000, 0x00000000ec400000)
  object space 40960K, 0% used [0x00000000c4c00000,0x00000000c4c02000,0x00000000c7400000)
 Metaspace       used 7155K, capacity 7246K, committed 7424K, reserved 1056768K
  class space    used 727K, capacity 753K, committed 768K, reserved 1048576K
Event: 0.676 GC heap after
Heap after GC invocations=2 (full 0):
 PSYoungGen      total 17920K, used 1827K [0x00000000ec400000, 0x00000000ed800000, 0x0000000100000000)
  eden space 15360K, 0% used [0x00000000ec400000,0x00000000ec400000,0x00000000ed300000)
  from space 2560K, 71% used [0x00000000ed580000,0x00000000ed748d80,0x00000000ed800000)
  to   space 2560K, 0% used [0x00000000ed300000,0x00000000ed300000,0x00000000ed580000)
 ParOldGen       total 40960K, used 16K [0x00000000c4c00000, 0x00000000c7400000, 0x00000000ec400000)
  object space 40960K, 0% used [0x00000000c4c00000,0x00000000c4c04000,0x00000000c7400000)
 Metaspace       used 7155K, capacity 7246K, committed 7424K, reserved 1056768K
  class space    used 727K, capacity 753K, committed 768K, reserved 1048576K
}
Event: 0.815 GC heap before
{Heap before GC invocations=3 (full 0):
 PSYoungGen      total 17920K, used 17187K [0x00000000ec400000, 0x00000000ed800000, 0x0000000100000000)
  eden space 15360K, 100% used [0x00000000ec400000,0x00000000ed300000,0x00000000ed300000)
  from space 2560K, 71% used [0x00000000ed580000,0x00000000ed748d80,0x00000000ed800000)
  to   space 2560K, 0% used [0x00000000ed300000,0x00000000ed300000,0x00000000ed580000)
 ParOldGen       total 40960K, used 16K [0x00000000c4c00000, 0x00000000c7400000, 0x00000000ec400000)
  object space 40960K, 0% used [0x00000000c4c00000,0x00000000c4c04000,0x00000000c7400000)
 Metaspace       used 8011K, capacity 8110K, committed 8320K, reserved 1056768K
  class space    used 820K, capacity 849K, committed 896K, reserved 1048576K
Event: 0.820 GC heap after
Heap after GC invocations=3 (full 0):
 PSYoungGen      total 17920K, used 1985K [0x00000000ec400000, 0x00000000ee700000, 0x0000000100000000)
  eden space 15360K, 0% used [0x00000000ec400000,0x00000000ec400000,0x00000000ed300000)
  from space 2560K, 77% used [0x00000000ed300000,0x00000000ed4f0618,0x00000000ed580000)
  to   space 2560K, 0% used [0x00000000ee480000,0x00000000ee480000,0x00000000ee700000)
 ParOldGen       total 40960K, used 16K [0x00000000c4c00000, 0x00000000c7400000, 0x00000000ec400000)
  object space 40960K, 0% used [0x00000000c4c00000,0x00000000c4c04000,0x00000000c7400000)
 Metaspace       used 8011K, capacity 8110K, committed 8320K, reserved 1056768K
  class space    used 820K, capacity 849K, committed 896K, reserved 1048576K
}
Event: 0.956 GC heap before
{Heap before GC invocations=4 (full 0):
 PSYoungGen      total 17920K, used 17345K [0x00000000ec400000, 0x00000000ee700000, 0x0000000100000000)
  eden space 15360K, 100% used [0x00000000ec400000,0x00000000ed300000,0x00000000ed300000)
  from space 2560K, 77% used [0x00000000ed300000,0x00000000ed4f0618,0x00000000ed580000)
  to   space 2560K, 0% used [0x00000000ee480000,0x00000000ee480000,0x00000000ee700000)
 ParOldGen       total 40960K, used 16K [0x00000000c4c00000, 0x00000000c7400000, 0x00000000ec400000)
  object space 40960K, 0% used [0x00000000c4c00000,0x00000000c4c04000,0x00000000c7400000)
 Metaspace       used 8668K, capacity 8750K, committed 8960K, reserved 1056768K
  class space    used 894K, capacity 913K, committed 1024K, reserved 1048576K
Event: 0.962 GC heap after
Heap after GC invocations=4 (full 0):
 PSYoungGen      total 33280K, used 2112K [0x00000000ec400000, 0x00000000ee700000, 0x0000000100000000)
  eden space 30720K, 0% used [0x00000000ec400000,0x00000000ec400000,0x00000000ee200000)
  from space 2560K, 82% used [0x00000000ee480000,0x00000000ee690128,0x00000000ee700000)
  to   space 2560K, 0% used [0x00000000ee200000,0x00000000ee200000,0x00000000ee480000)
 ParOldGen       total 40960K, used 16K [0x00000000c4c00000, 0x00000000c7400000, 0x00000000ec400000)
  object space 40960K, 0% used [0x00000000c4c00000,0x00000000c4c04000,0x00000000c7400000)
 Metaspace       used 8668K, capacity 8750K, committed 8960K, reserved 1056768K
  class space    used 894K, capacity 913K, committed 1024K, reserved 1048576K
}
Event: 1.217 GC heap before
{Heap before GC invocations=5 (full 0):
 PSYoungGen      total 33280K, used 32832K [0x00000000ec400000, 0x00000000ee700000, 0x0000000100000000)
  eden space 30720K, 100% used [0x00000000ec400000,0x00000000ee200000,0x00000000ee200000)
  from space 2560K, 82% used [0x00000000ee480000,0x00000000ee690128,0x00000000ee700000)
  to   space 2560K, 0% used [0x00000000ee200000,0x00000000ee200000,0x00000000ee480000)
 ParOldGen       total 40960K, used 16K [0x00000000c4c00000, 0x00000000c7400000, 0x00000000ec400000)
  object space 40960K, 0% used [0x00000000c4c00000,0x00000000c4c04000,0x00000000c7400000)
 Metaspace       used 9840K, capacity 9940K, committed 10112K, reserved 1058816K
  class space    used 1027K, capacity 1074K, committed 1152K, reserved 1048576K
Event: 1.227 GC heap after
Heap after GC invocations=5 (full 0):
 PSYoungGen      total 33280K, used 2541K [0x00000000ec400000, 0x00000000f0600000, 0x0000000100000000)
  eden space 30720K, 0% used [0x00000000ec400000,0x00000000ec400000,0x00000000ee200000)
  from space 2560K, 99% used [0x00000000ee200000,0x00000000ee47b540,0x00000000ee480000)
  to   space 3072K, 0% used [0x00000000f0300000,0x00000000f0300000,0x00000000f0600000)
 ParOldGen       total 40960K, used 396K [0x00000000c4c00000, 0x00000000c7400000, 0x00000000ec400000)
  object space 40960K, 0% used [0x00000000c4c00000,0x00000000c4c63180,0x00000000c7400000)
 Metaspace       used 9840K, capacity 9940K, committed 10112K, reserved 1058816K
  class space    used 1027K, capacity 1074K, committed 1152K, reserved 1048576K
}
Event: 1.436 GC heap before
{Heap before GC invocations=6 (full 0):
 PSYoungGen      total 33280K, used 33261K [0x00000000ec400000, 0x00000000f0600000, 0x0000000100000000)
  eden space 30720K, 100% used [0x00000000ec400000,0x00000000ee200000,0x00000000ee200000)
  from space 2560K, 99% used [0x00000000ee200000,0x00000000ee47b540,0x00000000ee480000)
  to   space 3072K, 0% used [0x00000000f0300000,0x00000000f0300000,0x00000000f0600000)
 ParOldGen       total 40960K, used 396K [0x00000000c4c00000, 0x00000000c7400000, 0x00000000ec400000)
  object space 40960K, 0% used [0x00000000c4c00000,0x00000000c4c63180,0x00000000c7400000)
 Metaspace       used 11366K, capacity 11462K, committed 11776K, reserved 1060864K
  class space    used 1202K, capacity 1237K, committed 1280K, reserved 1048576K
Event: 1.444 GC heap after
Heap after GC invocations=6 (full 0):
 PSYoungGen      total 64000K, used 3054K [0x00000000ec400000, 0x00000000f0700000, 0x0000000100000000)
  eden space 60928K, 0% used [0x00000000ec400000,0x00000000ec400000,0x00000000eff80000)
  from space 3072K, 99% used [0x00000000f0300000,0x00000000f05fbb00,0x00000000f0600000)
  to   space 3584K, 0% used [0x00000000eff80000,0x00000000eff80000,0x00000000f0300000)
 ParOldGen       total 40960K, used 471K [0x00000000c4c00000, 0x00000000c7400000, 0x00000000ec400000)
  object space 40960K, 1% used [0x00000000c4c00000,0x00000000c4c75f70,0x00000000c7400000)
 Metaspace       used 11366K, capacity 11462K, committed 11776K, reserved 1060864K
  class space    used 1202K, capacity 1237K, committed 1280K, reserved 1048576K
}
Event: 1.876 GC heap before
{Heap before GC invocations=7 (full 0):
 PSYoungGen      total 64000K, used 63982K [0x00000000ec400000, 0x00000000f0700000, 0x0000000100000000)
  eden space 60928K, 100% used [0x00000000ec400000,0x00000000eff80000,0x00000000eff80000)
  from space 3072K, 99% used [0x00000000f0300000,0x00000000f05fbb00,0x00000000f0600000)
  to   space 3584K, 0% used [0x00000000eff80000,0x00000000eff80000,0x00000000f0300000)
 ParOldGen       total 40960K, used 471K [0x00000000c4c00000, 0x00000000c7400000, 0x00000000ec400000)
  object space 40960K, 1% used [0x00000000c4c00000,0x00000000c4c75f70,0x00000000c7400000)
 Metaspace       used 14045K, capacity 14182K, committed 14464K, reserved 1062912K
  class space    used 1529K, capacity 1589K, committed 1664K, reserved 1048576K
Event: 1.883 GC heap after
Heap after GC invocations=7 (full 0):
 PSYoungGen      total 64512K, used 3562K [0x00000000ec400000, 0x00000000f4400000, 0x0000000100000000)
  eden space 60928K, 0% used [0x00000000ec400000,0x00000000ec400000,0x00000000eff80000)
  from space 3584K, 99% used [0x00000000eff80000,0x00000000f02fa8e0,0x00000000f0300000)
  to   space 4608K, 0% used [0x00000000f3f80000,0x00000000f3f80000,0x00000000f4400000)
 ParOldGen       total 40960K, used 1964K [0x00000000c4c00000, 0x00000000c7400000, 0x00000000ec400000)
  object space 40960K, 4% used [0x00000000c4c00000,0x00000000c4deb0c0,0x00000000c7400000)
 Metaspace       used 14045K, capacity 14182K, committed 14464K, reserved 1062912K
  class space    used 1529K, capacity 1589K, committed 1664K, reserved 1048576K
}
Event: 2.129 GC heap before
{Heap before GC invocations=8 (full 0):
 PSYoungGen      total 64512K, used 64490K [0x00000000ec400000, 0x00000000f4400000, 0x0000000100000000)
  eden space 60928K, 100% used [0x00000000ec400000,0x00000000eff80000,0x00000000eff80000)
  from space 3584K, 99% used [0x00000000eff80000,0x00000000f02fa8e0,0x00000000f0300000)
  to   space 4608K, 0% used [0x00000000f3f80000,0x00000000f3f80000,0x00000000f4400000)
 ParOldGen       total 40960K, used 1964K [0x00000000c4c00000, 0x00000000c7400000, 0x00000000ec400000)
  object space 40960K, 4% used [0x00000000c4c00000,0x00000000c4deb0c0,0x00000000c7400000)
 Metaspace       used 16457K, capacity 16550K, committed 16640K, reserved 1064960K
  class space    used 1750K, capacity 1781K, committed 1792K, reserved 1048576K
Event: 2.136 GC heap after
Heap after GC invocations=8 (full 0):
 PSYoungGen      total 124928K, used 4591K [0x00000000ec400000, 0x00000000f4700000, 0x0000000100000000)
  eden space 120320K, 0% used [0x00000000ec400000,0x00000000ec400000,0x00000000f3980000)
  from space 4608K, 99% used [0x00000000f3f80000,0x00000000f43fbd90,0x00000000f4400000)
  to   space 6144K, 0% used [0x00000000f3980000,0x00000000f3980000,0x00000000f3f80000)
 ParOldGen       total 40960K, used 3383K [0x00000000c4c00000, 0x00000000c7400000, 0x00000000ec400000)
  object space 40960K, 8% used [0x00000000c4c00000,0x00000000c4f4de20,0x00000000c7400000)
 Metaspace       used 16457K, capacity 16550K, committed 16640K, reserved 1064960K
  class space    used 1750K, capacity 1781K, committed 1792K, reserved 1048576K
}
Event: 2.566 GC heap before
{Heap before GC invocations=9 (full 0):
 PSYoungGen      total 124928K, used 85918K [0x00000000ec400000, 0x00000000f4700000, 0x0000000100000000)
  eden space 120320K, 67% used [0x00000000ec400000,0x00000000f136bdb8,0x00000000f3980000)
  from space 4608K, 99% used [0x00000000f3f80000,0x00000000f43fbd90,0x00000000f4400000)
  to   space 6144K, 0% used [0x00000000f3980000,0x00000000f3980000,0x00000000f3f80000)
 ParOldGen       total 40960K, used 3383K [0x00000000c4c00000, 0x00000000c7400000, 0x00000000ec400000)
  object space 40960K, 8% used [0x00000000c4c00000,0x00000000c4f4de20,0x00000000c7400000)
 Metaspace       used 20989K, capacity 21096K, committed 21248K, reserved 1069056K
  class space    used 2204K, capacity 2240K, committed 2304K, reserved 1048576K

