<?xml version="1.0" encoding="UTF-8"?>
<!-- Generated by org.testng.reporters.JUnitXMLReporter -->
<testsuite hostname="jenkins.codewithkesav.com" name="Surefire test" tests="2" failures="0" timestamp="19 Jul 2020 02:08:57 GMT" time="6.921" errors="0">
  <testcase name="contextLoads on contextLoads(com.example.devops.DevopsApplicationTests)" time="0.043" classname="com.example.devops.DevopsApplicationTests"/>
  <testcase name="testWelcome on testWelcome(com.example.devops.web.WelcomeControllerTest)" time="0.518" classname="com.example.devops.web.WelcomeControllerTest"/>
</testsuite> <!-- Surefire test -->
