<?xml version="1.0" encoding="UTF-8"?>
<testng-results skipped="0" failed="0" total="2" passed="2">
  <reporter-output>
  </reporter-output>
  <suite name="Surefire suite" duration-ms="6921" started-at="2020-07-19T02:08:50Z" finished-at="2020-07-19T02:08:57Z">
    <groups>
    </groups>
    <test name="Surefire test" duration-ms="6921" started-at="2020-07-19T02:08:50Z" finished-at="2020-07-19T02:08:57Z">
      <class name="com.example.devops.web.WelcomeControllerTest">
        <test-method status="PASS" signature="testWelcome()[pri:0, instance:testWelcome(com.example.devops.web.WelcomeControllerTest)]" name="testWelcome" duration-ms="518" started-at="2020-07-19T02:08:57Z" finished-at="2020-07-19T02:08:57Z">
          <reporter-output>
          </reporter-output>
        </test-method> <!-- testWelcome -->
      </class> <!-- com.example.devops.web.WelcomeControllerTest -->
      <class name="com.example.devops.DevopsApplicationTests">
        <test-method status="PASS" signature="contextLoads()[pri:0, instance:contextLoads(com.example.devops.DevopsApplicationTests)]" name="contextLoads" duration-ms="43" started-at="2020-07-19T02:08:56Z" finished-at="2020-07-19T02:08:56Z">
          <reporter-output>
          </reporter-output>
        </test-method> <!-- contextLoads -->
      </class> <!-- com.example.devops.DevopsApplicationTests -->
    </test> <!-- Surefire test -->
  </suite> <!-- Surefire suite -->
</testng-results>
